activating the configuration...
setting up /etc...
reloading user units for fractal-tess...
restarting sysinit-reactivation.target
reloading the following units: dbus.service
restarting the following units: polkit.service
ystem-path.drv
  /nix/store/yf6s07f0fx17my464zz7ls4brzwk8nr0-dbus-1.drv
  /nix/store/fkmcj5kkgvvm8l5l0xx20yi6j7dvpd67-X-Restart-Triggers-dbus.drv
  /nix/store/j8f91jq9l5gga76kfyim4823416l8nnb-unit-dbus.service.drv
  /nix/store/4m4k6yajlrn628nqpcngbc3dw0z85m6w-user-units.drv
  /nix/store/4v560rf7658ssk2wzisy72hba9d9zhsd-unit-dbus.service.drv
  /nix/store/chhqdzbz9i68ivg7g3f3hy3b1j1x3apx-X-Restart-Triggers-polkit.drv
  /nix/store/dr4q3vwa63n6rz9kg2j32v6k5ap3216l-unit-polkit.service.drv
  /nix/store/gg30k8lqs2vf8bva04sfhw2wpg8mgrri-system-units.drv
  /nix/store/d5zrxn6ijjadv8ngvwmqgsahhyx8jr8x-etc.drv
  /nix/store/y938x08g87rdg80xzrf27zlaadsm0jjq-nixos-system-nixos-24.05.20240312.0ad13a6.drv
these 4 paths will be fetched (63.27 MiB download, 252.91 MiB unpacked):
  /nix/store/qy4q9kljvwm4fj41d8k6qxvnyhz40dc5-firefox-123.0.1
  /nix/store/0yj5g9xjmfhx4p0x0qp7laq2rqw5zynm-firefox-unwrapped-123.0.1
  /nix/store/abgnlkri9yxa3dn1246rp6cc40cmn60s-nss-3.98
  /nix/store/8lmlpbd8nw6cz725qpxik8rl9ib31waa-sndio-1.9.0
copying path '/nix/store/8lmlpbd8nw6cz725qpxik8rl9ib31waa-sndio-1.9.0' from 'https://cache.nixos.org'...
copying path '/nix/store/abgnlkri9yxa3dn1246rp6cc40cmn60s-nss-3.98' from 'https://cache.nixos.org'...
copying path '/nix/store/0yj5g9xjmfhx4p0x0qp7laq2rqw5zynm-firefox-unwrapped-123.0.1' from 'https://cache.nixos.org'...
copying path '/nix/store/qy4q9kljvwm4fj41d8k6qxvnyhz40dc5-firefox-123.0.1' from 'https://cache.nixos.org'...
building '/nix/store/f52x9dcijyi4wsi2nbfhznxrx3s7lq2f-system-path.drv'...
building '/nix/store/chhqdzbz9i68ivg7g3f3hy3b1j1x3apx-X-Restart-Triggers-polkit.drv'...
building '/nix/store/yf6s07f0fx17my464zz7ls4brzwk8nr0-dbus-1.drv'...
building '/nix/store/dr4q3vwa63n6rz9kg2j32v6k5ap3216l-unit-polkit.service.drv'...
building '/nix/store/fkmcj5kkgvvm8l5l0xx20yi6j7dvpd67-X-Restart-Triggers-dbus.drv'...
building '/nix/store/4v560rf7658ssk2wzisy72hba9d9zhsd-unit-dbus.service.drv'...
building '/nix/store/j8f91jq9l5gga76kfyim4823416l8nnb-unit-dbus.service.drv'...
building '/nix/store/gg30k8lqs2vf8bva04sfhw2wpg8mgrri-system-units.drv'...
building '/nix/store/4m4k6yajlrn628nqpcngbc3dw0z85m6w-user-units.drv'...
building '/nix/store/d5zrxn6ijjadv8ngvwmqgsahhyx8jr8x-etc.drv'...
building '/nix/store/y938x08g87rdg80xzrf27zlaadsm0jjq-nixos-system-nixos-24.05.20240312.0ad13a6.drv'...
